#
# There is insufficient memory for the Java Runtime Environment to continue.
# Native memory allocation (mmap) failed to map 10485760 bytes for G1 virtual space
# Possible reasons:
#   The system is out of physical RAM or swap space
#   The process is running with CompressedOops enabled, and the Java Heap may be blocking the growth of the native heap
# Possible solutions:
#   Reduce memory load on the system
#   Increase physical memory or swap space
#   Check if swap backing store is full
#   Decrease Java heap size (-Xmx/-Xms)
#   Decrease number of Java threads
#   Decrease Java thread stack sizes (-Xss)
#   Set larger code cache with -XX:ReservedCodeCacheSize=
#   JVM is running with Zero Based Compressed Oops mode in which the Java heap is
#     placed in the first 32GB address space. The Java Heap base address is the
#     maximum limit for the native heap growth. Please use -XX:HeapBaseMinAddress
#     to set the Java Heap base and to place the Java Heap above 32GB virtual address.
# This output file may be truncated or incomplete.
#
#  Out of Memory Error (os_windows.cpp:3600), pid=3720, tid=6200
#
# JRE version: Java(TM) SE Runtime Environment (21.0.5+9) (build 21.0.5+9-LTS-239)
# Java VM: Java HotSpot(TM) 64-Bit Server VM (21.0.5+9-LTS-239, mixed mode, sharing, tiered, compressed oops, compressed class ptrs, g1 gc, windows-amd64)
# No core dump will be written. Minidumps are not enabled by default on client versions of Windows
#

---------------  S U M M A R Y ------------

Command Line: -XX:+ShowCodeDetailsInExceptionMessages -Dspring.jmx.enabled=true -Dmanagement.endpoints.jmx.exposure.include=* -Dspring.application.admin.enabled=true -Dspring.boot.project.name=shm -Djava.rmi.server.hostname=localhost -Dcom.sun.management.jmxremote.port=45556 -Dcom.sun.management.jmxremote.authenticate=false -Dcom.sun.management.jmxremote.ssl=false com.shm.ShmApplication

Host: 11th Gen Intel(R) Core(TM) i7-1165G7 @ 2.80GHz, 8 cores, 15G,  Windows 10 , 64 bit Build 19041 (10.0.19041.5198)
Time: Sat Jan 18 17:22:43 2025 GTB Standard Time elapsed time: 148.058373 seconds (0d 0h 2m 28s)

---------------  T H R E A D  ---------------

Current thread (0x000001e0378110c0):  VMThread "VM Thread"          [id=6200, stack(0x00000008eb100000,0x00000008eb200000) (1024K)]

Stack: [0x00000008eb100000,0x00000008eb200000]
Native frames: (J=compiled Java code, j=interpreted, Vv=VM code, C=native code)
V  [jvm.dll+0x6ca289]
V  [jvm.dll+0x854a51]
V  [jvm.dll+0x856f7e]
V  [jvm.dll+0x857653]
V  [jvm.dll+0x27dd26]
V  [jvm.dll+0x6c6a25]
V  [jvm.dll+0x6bb5aa]
V  [jvm.dll+0x35359a]
V  [jvm.dll+0x35b1f6]
V  [jvm.dll+0x3adade]
V  [jvm.dll+0x3add88]
V  [jvm.dll+0x3278fc]
V  [jvm.dll+0x32a156]
V  [jvm.dll+0x334108]
V  [jvm.dll+0x36a3f5]
V  [jvm.dll+0x85d420]
V  [jvm.dll+0x85e7a4]
V  [jvm.dll+0x85ece0]
V  [jvm.dll+0x85ef83]
V  [jvm.dll+0x7fee9b]
V  [jvm.dll+0x6c896d]
C  [ucrtbase.dll+0x21bb2]
C  [KERNEL32.DLL+0x17374]
C  [ntdll.dll+0x4cc91]

VM_Operation (0x00000008eacff440): G1PauseRemark, mode: safepoint, requested by thread 0x000001e01883eaf0


---------------  P R O C E S S  ---------------

Threads class SMR info:
_java_thread_list=0x000001e0023d4a10, length=33, elements={
0x000001e0378305a0, 0x000001e0378315a0, 0x000001e0378337b0, 0x000001e0378344f0,
0x000001e037837ea0, 0x000001e03783bb60, 0x000001e0378535d0, 0x000001e037853c70,
0x000001e03783c1f0, 0x000001e03783b4d0, 0x000001e03783ae40, 0x000001e03783a7b0,
0x000001e03783c880, 0x000001e03783a120, 0x000001e0014ee4c0, 0x000001e0014ec3f0,
0x000001e0014e9c90, 0x000001e0014eeb50, 0x000001e0014eb040, 0x000001e0014ede30,
0x000001e0014eca80, 0x000001e0014ef1e0, 0x000001e0014e88e0, 0x000001e0014ebd60,
0x000001e0014e8250, 0x000001e0014ed7a0, 0x000001e0014ed110, 0x000001e0014ef870,
0x000001e0014ea320, 0x000001e0014e8f70, 0x000001e0014e9600, 0x000001e0014ea9b0,
0x000001e000e0f5e0
}

Java Threads: ( => current thread )
  0x000001e0378305a0 JavaThread "Reference Handler"          daemon [_thread_blocked, id=15288, stack(0x00000008eb200000,0x00000008eb300000) (1024K)]
  0x000001e0378315a0 JavaThread "Finalizer"                  daemon [_thread_blocked, id=4512, stack(0x00000008eb300000,0x00000008eb400000) (1024K)]
  0x000001e0378337b0 JavaThread "Signal Dispatcher"          daemon [_thread_blocked, id=2284, stack(0x00000008eb400000,0x00000008eb500000) (1024K)]
  0x000001e0378344f0 JavaThread "Attach Listener"            daemon [_thread_blocked, id=2524, stack(0x00000008eb500000,0x00000008eb600000) (1024K)]
  0x000001e037837ea0 JavaThread "Service Thread"             daemon [_thread_blocked, id=4172, stack(0x00000008eb600000,0x00000008eb700000) (1024K)]
  0x000001e03783bb60 JavaThread "Monitor Deflation Thread"   daemon [_thread_blocked, id=6852, stack(0x00000008eb700000,0x00000008eb800000) (1024K)]
  0x000001e0378535d0 JavaThread "C2 CompilerThread0"         daemon [_thread_blocked, id=2280, stack(0x00000008eb800000,0x00000008eb900000) (1024K)]
  0x000001e037853c70 JavaThread "C1 CompilerThread0"         daemon [_thread_blocked, id=15488, stack(0x00000008eb900000,0x00000008eba00000) (1024K)]
  0x000001e03783c1f0 JavaThread "Common-Cleaner"             daemon [_thread_blocked, id=9484, stack(0x00000008eba00000,0x00000008ebb00000) (1024K)]
  0x000001e03783b4d0 JavaThread "Notification Thread"        daemon [_thread_blocked, id=6812, stack(0x00000008ebb00000,0x00000008ebc00000) (1024K)]
  0x000001e03783ae40 JavaThread "RMI TCP Accept-0"           daemon [_thread_in_native, id=15016, stack(0x00000008ebe00000,0x00000008ebf00000) (1024K)]
  0x000001e03783a7b0 JavaThread "RMI TCP Accept-45556"       daemon [_thread_in_native, id=4872, stack(0x00000008ebf00000,0x00000008ec000000) (1024K)]
  0x000001e03783c880 JavaThread "RMI TCP Accept-0"           daemon [_thread_in_native, id=5204, stack(0x00000008ec000000,0x00000008ec100000) (1024K)]
  0x000001e03783a120 JavaThread "mysql-cj-abandoned-connection-cleanup" daemon [_thread_blocked, id=16176, stack(0x00000008ec800000,0x00000008ec900000) (1024K)]
  0x000001e0014ee4c0 JavaThread "HikariPool-1 housekeeper"   daemon [_thread_blocked, id=8784, stack(0x00000008eca00000,0x00000008ecb00000) (1024K)]
  0x000001e0014ec3f0 JavaThread "Catalina-utility-1"                [_thread_blocked, id=5896, stack(0x00000008ecc00000,0x00000008ecd00000) (1024K)]
  0x000001e0014e9c90 JavaThread "Catalina-utility-2"                [_thread_blocked, id=5888, stack(0x00000008ecd00000,0x00000008ece00000) (1024K)]
  0x000001e0014eeb50 JavaThread "container-0"                       [_thread_blocked, id=1232, stack(0x00000008ece00000,0x00000008ecf00000) (1024K)]
  0x000001e0014eb040 JavaThread "http-nio-8080-exec-1"       daemon [_thread_blocked, id=1256, stack(0x00000008ecb00000,0x00000008ecc00000) (1024K)]
  0x000001e0014ede30 JavaThread "http-nio-8080-exec-2"       daemon [_thread_blocked, id=1408, stack(0x00000008ecf00000,0x00000008ed000000) (1024K)]
  0x000001e0014eca80 JavaThread "http-nio-8080-exec-3"       daemon [_thread_blocked, id=5804, stack(0x00000008ed000000,0x00000008ed100000) (1024K)]
  0x000001e0014ef1e0 JavaThread "http-nio-8080-exec-4"       daemon [_thread_blocked, id=9232, stack(0x00000008ed100000,0x00000008ed200000) (1024K)]
  0x000001e0014e88e0 JavaThread "http-nio-8080-exec-5"       daemon [_thread_blocked, id=2528, stack(0x00000008ed200000,0x00000008ed300000) (1024K)]
  0x000001e0014ebd60 JavaThread "http-nio-8080-exec-6"       daemon [_thread_blocked, id=12116, stack(0x00000008ed300000,0x00000008ed400000) (1024K)]
  0x000001e0014e8250 JavaThread "http-nio-8080-exec-7"       daemon [_thread_blocked, id=7012, stack(0x00000008ed400000,0x00000008ed500000) (1024K)]
  0x000001e0014ed7a0 JavaThread "http-nio-8080-exec-8"       daemon [_thread_blocked, id=5788, stack(0x00000008ed500000,0x00000008ed600000) (1024K)]
  0x000001e0014ed110 JavaThread "http-nio-8080-exec-9"       daemon [_thread_blocked, id=9592, stack(0x00000008ed600000,0x00000008ed700000) (1024K)]
  0x000001e0014ef870 JavaThread "http-nio-8080-exec-10"      daemon [_thread_blocked, id=5464, stack(0x00000008ed700000,0x00000008ed800000) (1024K)]
  0x000001e0014ea320 JavaThread "http-nio-8080-Poller"       daemon [_thread_blocked, id=5692, stack(0x00000008ed800000,0x00000008ed900000) (1024K)]
  0x000001e0014e8f70 JavaThread "http-nio-8080-Acceptor"     daemon [_thread_in_native, id=9600, stack(0x00000008ed900000,0x00000008eda00000) (1024K)]
  0x000001e0014e9600 JavaThread "scheduling-1"                      [_thread_blocked, id=5812, stack(0x00000008eda00000,0x00000008edb00000) (1024K)]
  0x000001e0014ea9b0 JavaThread "DestroyJavaVM"                     [_thread_blocked, id=9168, stack(0x00000008eaa00000,0x00000008eab00000) (1024K)]
  0x000001e000e0f5e0 JavaThread "HikariPool-1 connection adder" daemon [_thread_blocked, id=3140, stack(0x00000008ea700000,0x00000008ea800000) (1024K)]
Total: 33

Other Threads:
=>0x000001e0378110c0 VMThread "VM Thread"                           [id=6200, stack(0x00000008eb100000,0x00000008eb200000) (1024K)]
  0x000001e037801650 WatcherThread "VM Periodic Task Thread"        [id=5704, stack(0x00000008eb000000,0x00000008eb100000) (1024K)]
  0x000001e01882dee0 WorkerThread "GC Thread#0"                     [id=14836, stack(0x00000008eab00000,0x00000008eac00000) (1024K)]
  0x000001e07d829890 WorkerThread "GC Thread#1"                     [id=15448, stack(0x00000008ec100000,0x00000008ec200000) (1024K)]
  0x000001e07da6a040 WorkerThread "GC Thread#2"                     [id=14712, stack(0x00000008ec200000,0x00000008ec300000) (1024K)]
  0x000001e07da6a3e0 WorkerThread "GC Thread#3"                     [id=5108, stack(0x00000008ec300000,0x00000008ec400000) (1024K)]
  0x000001e07da6a780 WorkerThread "GC Thread#4"                     [id=13556, stack(0x00000008ec400000,0x00000008ec500000) (1024K)]
  0x000001e07da6ab20 WorkerThread "GC Thread#5"                     [id=6724, stack(0x00000008ec500000,0x00000008ec600000) (1024K)]
  0x000001e07d982c20 WorkerThread "GC Thread#6"                     [id=8396, stack(0x00000008ec600000,0x00000008ec700000) (1024K)]
  0x000001e07d7feb20 WorkerThread "GC Thread#7"                     [id=11572, stack(0x00000008ec700000,0x00000008ec800000) (1024K)]
  0x000001e01883eaf0 ConcurrentGCThread "G1 Main Marker"            [id=7428, stack(0x00000008eac00000,0x00000008ead00000) (1024K)]
  0x000001e01883f5f0 WorkerThread "G1 Conc#0"                       [id=5772, stack(0x00000008ead00000,0x00000008eae00000) (1024K)]
  0x000001e07df064d0 WorkerThread "G1 Conc#1"                       [id=14184, stack(0x00000008ec900000,0x00000008eca00000) (1024K)]
  0x000001e01887e660 ConcurrentGCThread "G1 Refine#0"               [id=1524, stack(0x00000008eae00000,0x00000008eaf00000) (1024K)]
  0x000001e0376cd420 ConcurrentGCThread "G1 Service"                [id=2540, stack(0x00000008eaf00000,0x00000008eb000000) (1024K)]
Total: 15

Threads with active compile tasks:
Total: 0

VM state: at safepoint (normal execution)

VM Mutex/Monitor currently owned by a thread:  ([mutex/lock_event])
[0x00007ff9037ebe98] Threads_lock - owner thread: 0x000001e0378110c0
[0x00007ff9037ebf98] Heap_lock - owner thread: 0x000001e01883eaf0

Heap address: 0x0000000705800000, size: 4008 MB, Compressed Oops mode: Zero based, Oop shift amount: 3

CDS archive(s) mapped at: [0x000001e038000000-0x000001e038c90000-0x000001e038c90000), size 13172736, SharedBaseAddress: 0x000001e038000000, ArchiveRelocationMode: 1.
Compressed class space mapped at: 0x000001e039000000-0x000001e079000000, reserved size: 1073741824
Narrow klass base: 0x000001e038000000, Narrow klass shift: 0, Narrow klass range: 0x100000000

GC Precious Log:
 CardTable entry size: 512
 Card Set container configuration: InlinePtr #cards 4 size 8 Array Of Cards #cards 16 size 48 Howl #buckets 8 coarsen threshold 3686 Howl Bitmap #cards 512 size 80 coarsen threshold 460 Card regions per heap region 1 cards per card region 4096
 CPUs: 8 total, 8 available
 Memory: 16026M
 Large Page Support: Disabled
 NUMA Support: Disabled
 Compressed Oops: Enabled (Zero based)
 Heap Region Size: 2M
 Heap Min Capacity: 8M
 Heap Initial Capacity: 252M
 Heap Max Capacity: 4008M
 Pre-touch: Disabled
 Parallel Workers: 8
 Concurrent Workers: 2
 Concurrent Refinement Workers: 8
 Periodic GC: Disabled

Heap:
 garbage-first heap   total 90112K, used 55326K [0x0000000705800000, 0x0000000800000000)
  region size 2048K, 7 young (14336K), 1 survivors (2048K)
 Metaspace       used 96791K, committed 97600K, reserved 1179648K
  class space    used 12498K, committed 12864K, reserved 1048576K

Heap Regions: E=young(eden), S=young(survivor), O=old, HS=humongous(starts), HC=humongous(continues), CS=collection set, F=free, TAMS=top-at-mark-start, PB=parsable bottom
|   0|0x0000000705800000, 0x0000000705a00000, 0x0000000705a00000|100%| O|  |TAMS 0x0000000705a00000| PB 0x0000000705a00000| Untracked 
|   1|0x0000000705a00000, 0x0000000705c00000, 0x0000000705c00000|100%| O|  |TAMS 0x0000000705c00000| PB 0x0000000705c00000| Untracked 
|   2|0x0000000705c00000, 0x0000000705e00000, 0x0000000705e00000|100%| O|  |TAMS 0x0000000705e00000| PB 0x0000000705e00000| Untracked 
|   3|0x0000000705e00000, 0x0000000706000000, 0x0000000706000000|100%| O|  |TAMS 0x0000000706000000| PB 0x0000000706000000| Untracked 
|   4|0x0000000706000000, 0x0000000706200000, 0x0000000706200000|100%| O|  |TAMS 0x0000000706200000| PB 0x0000000706200000| Untracked 
|   5|0x0000000706200000, 0x0000000706200000, 0x0000000706400000|  0%| F|  |TAMS 0x0000000706200000| PB 0x0000000706200000| Untracked 
|   6|0x0000000706400000, 0x0000000706600000, 0x0000000706600000|100%| O|  |TAMS 0x0000000706600000| PB 0x0000000706600000| Untracked 
|   7|0x0000000706600000, 0x0000000706800000, 0x0000000706800000|100%| O|  |TAMS 0x0000000706800000| PB 0x0000000706800000| Untracked 
|   8|0x0000000706800000, 0x0000000706a00000, 0x0000000706a00000|100%| O|  |TAMS 0x0000000706a00000| PB 0x0000000706a00000| Untracked 
|   9|0x0000000706a00000, 0x0000000706c00000, 0x0000000706c00000|100%| O|  |TAMS 0x0000000706c00000| PB 0x0000000706c00000| Untracked 
|  10|0x0000000706c00000, 0x0000000706e00000, 0x0000000706e00000|100%| O|  |TAMS 0x0000000706e00000| PB 0x0000000706e00000| Untracked 
|  11|0x0000000706e00000, 0x0000000707000000, 0x0000000707000000|100%| O|  |TAMS 0x0000000707000000| PB 0x0000000707000000| Untracked 
|  12|0x0000000707000000, 0x0000000707200000, 0x0000000707200000|100%| O|  |TAMS 0x0000000707200000| PB 0x0000000707200000| Untracked 
|  13|0x0000000707200000, 0x00000007073fb020, 0x0000000707400000| 99%| O|  |TAMS 0x00000007073fb020| PB 0x00000007073fb020| Untracked 
|  14|0x0000000707400000, 0x0000000707600000, 0x0000000707600000|100%| O|  |TAMS 0x0000000707600000| PB 0x0000000707600000| Untracked 
|  15|0x0000000707600000, 0x0000000707600000, 0x0000000707800000|  0%| F|  |TAMS 0x0000000707600000| PB 0x0000000707600000| Untracked 
|  16|0x0000000707800000, 0x0000000707a00000, 0x0000000707a00000|100%| O|  |TAMS 0x0000000707a00000| PB 0x0000000707a00000| Untracked 
|  17|0x0000000707a00000, 0x0000000707c00000, 0x0000000707c00000|100%| O|  |TAMS 0x0000000707c00000| PB 0x0000000707c00000| Untracked 
|  18|0x0000000707c00000, 0x0000000707e00000, 0x0000000707e00000|100%| O|  |TAMS 0x0000000707e00000| PB 0x0000000707e00000| Untracked 
|  19|0x0000000707e00000, 0x0000000708000000, 0x0000000708000000|100%| O|  |TAMS 0x0000000708000000| PB 0x0000000708000000| Untracked 
|  20|0x0000000708000000, 0x0000000708200000, 0x0000000708200000|100%| O|  |TAMS 0x0000000708200000| PB 0x0000000708200000| Untracked 
|  21|0x0000000708200000, 0x0000000708400000, 0x0000000708400000|100%| O|  |TAMS 0x0000000708400000| PB 0x0000000708400000| Untracked 
|  22|0x0000000708400000, 0x0000000708600000, 0x0000000708600000|100%| O|  |TAMS 0x0000000708600000| PB 0x0000000708600000| Untracked 
|  23|0x0000000708600000, 0x0000000708800000, 0x0000000708800000|100%| O|  |TAMS 0x0000000708800000| PB 0x0000000708800000| Untracked 
|  24|0x0000000708800000, 0x0000000708800000, 0x0000000708a00000|  0%| F|  |TAMS 0x0000000708800000| PB 0x0000000708800000| Untracked 
|  25|0x0000000708a00000, 0x0000000708a00000, 0x0000000708c00000|  0%| F|  |TAMS 0x0000000708a00000| PB 0x0000000708a00000| Untracked 
|  26|0x0000000708c00000, 0x0000000708c0c960, 0x0000000708e00000|  2%| S|CS|TAMS 0x0000000708c00000| PB 0x0000000708c00000| Complete 
|  27|0x0000000708e00000, 0x0000000708e00000, 0x0000000709000000|  0%| F|  |TAMS 0x0000000708e00000| PB 0x0000000708e00000| Untracked 
|  28|0x0000000709000000, 0x0000000709000000, 0x0000000709200000|  0%| F|  |TAMS 0x0000000709000000| PB 0x0000000709000000| Untracked 
|  29|0x0000000709200000, 0x0000000709200000, 0x0000000709400000|  0%| F|  |TAMS 0x0000000709200000| PB 0x0000000709200000| Untracked 
|  30|0x0000000709400000, 0x0000000709400000, 0x0000000709600000|  0%| F|  |TAMS 0x0000000709400000| PB 0x0000000709400000| Untracked 
|  31|0x0000000709600000, 0x0000000709600000, 0x0000000709800000|  0%| F|  |TAMS 0x0000000709600000| PB 0x0000000709600000| Untracked 
|  32|0x0000000709800000, 0x0000000709800000, 0x0000000709a00000|  0%| F|  |TAMS 0x0000000709800000| PB 0x0000000709800000| Untracked 
|  33|0x0000000709a00000, 0x0000000709a00000, 0x0000000709c00000|  0%| F|  |TAMS 0x0000000709a00000| PB 0x0000000709a00000| Untracked 
|  34|0x0000000709c00000, 0x0000000709c00000, 0x0000000709e00000|  0%| F|  |TAMS 0x0000000709c00000| PB 0x0000000709c00000| Untracked 
|  35|0x0000000709e00000, 0x0000000709e00000, 0x000000070a000000|  0%| F|  |TAMS 0x0000000709e00000| PB 0x0000000709e00000| Untracked 
|  36|0x000000070a000000, 0x000000070a000000, 0x000000070a200000|  0%| F|  |TAMS 0x000000070a000000| PB 0x000000070a000000| Untracked 
|  37|0x000000070a200000, 0x000000070a200000, 0x000000070a400000|  0%| F|  |TAMS 0x000000070a200000| PB 0x000000070a200000| Untracked 
|  38|0x000000070a400000, 0x000000070a4666d8, 0x000000070a600000| 20%| E|  |TAMS 0x000000070a400000| PB 0x000000070a400000| Complete 
|  39|0x000000070a600000, 0x000000070a800000, 0x000000070a800000|100%| E|CS|TAMS 0x000000070a600000| PB 0x000000070a600000| Complete 
|  40|0x000000070a800000, 0x000000070aa00000, 0x000000070aa00000|100%| E|CS|TAMS 0x000000070a800000| PB 0x000000070a800000| Complete 
|  41|0x000000070aa00000, 0x000000070ac00000, 0x000000070ac00000|100%| E|CS|TAMS 0x000000070aa00000| PB 0x000000070aa00000| Complete 
|  42|0x000000070ac00000, 0x000000070ae00000, 0x000000070ae00000|100%| E|CS|TAMS 0x000000070ac00000| PB 0x000000070ac00000| Complete 
| 125|0x0000000715200000, 0x0000000715400000, 0x0000000715400000|100%| E|CS|TAMS 0x0000000715200000| PB 0x0000000715200000| Complete 

Card table byte_map: [0x000001e030760000,0x000001e030f40000] _byte_map_base: 0x000001e02cf34000

Marking Bits: (CMBitMap*) 0x000001e01882e5e0
 Bits: [0x000001e030f40000, 0x000001e034de0000)

Polling page: 0x000001e0167a0000

Metaspace:

Usage:
  Non-class:     82.32 MB used.
      Class:     12.21 MB used.
       Both:     94.52 MB used.

Virtual space:
  Non-class space:      128.00 MB reserved,      82.75 MB ( 65%) committed,  2 nodes.
      Class space:        1.00 GB reserved,      12.56 MB (  1%) committed,  1 nodes.
             Both:        1.12 GB reserved,      95.31 MB (  8%) committed. 

Chunk freelists:
   Non-Class:  12.76 MB
       Class:  3.45 MB
        Both:  16.21 MB

MaxMetaspaceSize: unlimited
CompressedClassSpaceSize: 1.00 GB
Initial GC threshold: 21.00 MB
Current GC threshold: 158.75 MB
CDS: on
 - commit_granule_bytes: 65536.
 - commit_granule_words: 8192.
 - virtual_space_node_default_size: 8388608.
 - enlarge_chunks_in_place: 1.
 - use_allocation_guard: 0.


Internal statistics:

num_allocs_failed_limit: 12.
num_arena_births: 1276.
num_arena_deaths: 0.
num_vsnodes_births: 3.
num_vsnodes_deaths: 0.
num_space_committed: 1525.
num_space_uncommitted: 0.
num_chunks_returned_to_freelist: 12.
num_chunks_taken_from_freelist: 4812.
num_chunk_merges: 12.
num_chunk_splits: 3450.
num_chunks_enlarged: 2722.
num_inconsistent_stats: 0.

CodeHeap 'non-profiled nmethods': size=120000Kb used=11535Kb max_used=11583Kb free=108464Kb
 bounds [0x000001e028710000, 0x000001e0292c0000, 0x000001e02fc40000]
CodeHeap 'profiled nmethods': size=120000Kb used=4997Kb max_used=28242Kb free=115002Kb
 bounds [0x000001e020c40000, 0x000001e0227e0000, 0x000001e028170000]
CodeHeap 'non-nmethods': size=5760Kb used=1984Kb max_used=2074Kb free=3775Kb
 bounds [0x000001e028170000, 0x000001e0283e0000, 0x000001e028710000]
 total_blobs=5450 nmethods=4676 adapters=676
 compilation: enabled
              stopped_count=0, restarted_count=0
 full_count=0

Compilation events (20 events):
Event: 147.241 Thread 0x000001e0378535d0 17105       4       com.zaxxer.hikari.HikariDataSource::isClosed (8 bytes)
Event: 147.242 Thread 0x000001e037853c70 17106   !   3       com.zaxxer.hikari.HikariDataSource::getConnection (149 bytes)
Event: 147.242 Thread 0x000001e0378535d0 nmethod 17105 0x000001e0288c7510 code [0x000001e0288c7680, 0x000001e0288c7730]
Event: 147.243 Thread 0x000001e037853c70 nmethod 17106 0x000001e020d10110 code [0x000001e020d103e0, 0x000001e020d11360]
Event: 147.268 Thread 0x000001e037853c70 17107       3       javax.management.ObjectName::getInstance (9 bytes)
Event: 147.268 Thread 0x000001e037853c70 nmethod 17107 0x000001e021f79d10 code [0x000001e021f79ec0, 0x000001e021f7a108]
Event: 147.268 Thread 0x000001e0378535d0 17108       4       java.util.TreeMap$KeySpliterator::tryAdvance (85 bytes)
Event: 147.272 Thread 0x000001e0378535d0 nmethod 17108 0x000001e028cb9c90 code [0x000001e028cb9e40, 0x000001e028cba210]
Event: 147.341 Thread 0x000001e0378535d0 17109       4       sun.management.LazyCompositeData::isTypeMatched (46 bytes)
Event: 147.350 Thread 0x000001e0378535d0 nmethod 17109 0x000001e028b2d310 code [0x000001e028b2d540, 0x000001e028b2de48]
Event: 147.661 Thread 0x000001e0378535d0 17110       4       com.fasterxml.jackson.databind.util.internal.PrivateMaxEntriesMap::drainReadBuffer (104 bytes)
Event: 147.671 Thread 0x000001e0378535d0 nmethod 17110 0x000001e028b15210 code [0x000001e028b153e0, 0x000001e028b15920]
Event: 147.734 Thread 0x000001e0378535d0 17111       4       java.util.concurrent.ConcurrentLinkedDeque::unlink (335 bytes)
Event: 147.761 Thread 0x000001e0378535d0 nmethod 17111 0x000001e028979e10 code [0x000001e02897a040, 0x000001e02897aeb0]
Event: 147.863 Thread 0x000001e0378535d0 17112       4       java.util.concurrent.ConcurrentLinkedDeque::skipDeletedPredecessors (87 bytes)
Event: 147.868 Thread 0x000001e0378535d0 nmethod 17112 0x000001e028cc6b10 code [0x000001e028cc6ca0, 0x000001e028cc6ee8]
Event: 147.887 Thread 0x000001e0378535d0 17113       4       org.hibernate.sql.results.spi.LoadContexts::isLoadingFinished (16 bytes)
Event: 147.888 Thread 0x000001e0378535d0 nmethod 17113 0x000001e028cc6710 code [0x000001e028cc68a0, 0x000001e028cc69a0]
Event: 147.914 Thread 0x000001e037853c70 17114       3       java.util.concurrent.locks.AbstractQueuedSynchronizer$ConditionObject::unlinkCancelledWaiters (91 bytes)
Event: 147.915 Thread 0x000001e037853c70 nmethod 17114 0x000001e021dae710 code [0x000001e021dae8e0, 0x000001e021daed98]

GC Heap History (20 events):
Event: 143.693 GC heap before
{Heap before GC invocations=118 (full 0):
 garbage-first heap   total 90112K, used 77834K [0x0000000705800000, 0x0000000800000000)
  region size 2048K, 18 young (36864K), 1 survivors (2048K)
 Metaspace       used 96791K, committed 97600K, reserved 1179648K
  class space    used 12498K, committed 12864K, reserved 1048576K
}
Event: 143.694 GC heap after
{Heap after GC invocations=119 (full 0):
 garbage-first heap   total 90112K, used 45086K [0x0000000705800000, 0x0000000800000000)
  region size 2048K, 1 young (2048K), 1 survivors (2048K)
 Metaspace       used 96791K, committed 97600K, reserved 1179648K
  class space    used 12498K, committed 12864K, reserved 1048576K
}
Event: 144.092 GC heap before
{Heap before GC invocations=119 (full 0):
 garbage-first heap   total 90112K, used 79902K [0x0000000705800000, 0x0000000800000000)
  region size 2048K, 18 young (36864K), 1 survivors (2048K)
 Metaspace       used 96791K, committed 97600K, reserved 1179648K
  class space    used 12498K, committed 12864K, reserved 1048576K
}
Event: 144.093 GC heap after
{Heap after GC invocations=120 (full 0):
 garbage-first heap   total 90112K, used 45068K [0x0000000705800000, 0x0000000800000000)
  region size 2048K, 1 young (2048K), 1 survivors (2048K)
 Metaspace       used 96791K, committed 97600K, reserved 1179648K
  class space    used 12498K, committed 12864K, reserved 1048576K
}
Event: 144.858 GC heap before
{Heap before GC invocations=121 (full 0):
 garbage-first heap   total 90112K, used 77836K [0x0000000705800000, 0x0000000800000000)
  region size 2048K, 18 young (36864K), 1 survivors (2048K)
 Metaspace       used 96791K, committed 97600K, reserved 1179648K
  class space    used 12498K, committed 12864K, reserved 1048576K
}
Event: 144.859 GC heap after
{Heap after GC invocations=122 (full 0):
 garbage-first heap   total 90112K, used 45062K [0x0000000705800000, 0x0000000800000000)
  region size 2048K, 1 young (2048K), 1 survivors (2048K)
 Metaspace       used 96791K, committed 97600K, reserved 1179648K
  class space    used 12498K, committed 12864K, reserved 1048576K
}
Event: 145.368 GC heap before
{Heap before GC invocations=122 (full 0):
 garbage-first heap   total 90112K, used 79878K [0x0000000705800000, 0x0000000800000000)
  region size 2048K, 18 young (36864K), 1 survivors (2048K)
 Metaspace       used 96791K, committed 97600K, reserved 1179648K
  class space    used 12498K, committed 12864K, reserved 1048576K
}
Event: 145.369 GC heap after
{Heap after GC invocations=123 (full 0):
 garbage-first heap   total 90112K, used 45074K [0x0000000705800000, 0x0000000800000000)
  region size 2048K, 1 young (2048K), 1 survivors (2048K)
 Metaspace       used 96791K, committed 97600K, reserved 1179648K
  class space    used 12498K, committed 12864K, reserved 1048576K
}
Event: 145.846 GC heap before
{Heap before GC invocations=124 (full 0):
 garbage-first heap   total 90112K, used 79890K [0x0000000705800000, 0x0000000800000000)
  region size 2048K, 18 young (36864K), 1 survivors (2048K)
 Metaspace       used 96791K, committed 97600K, reserved 1179648K
  class space    used 12498K, committed 12864K, reserved 1048576K
}
Event: 145.847 GC heap after
{Heap after GC invocations=125 (full 0):
 garbage-first heap   total 90112K, used 45070K [0x0000000705800000, 0x0000000800000000)
  region size 2048K, 1 young (2048K), 1 survivors (2048K)
 Metaspace       used 96791K, committed 97600K, reserved 1179648K
  class space    used 12498K, committed 12864K, reserved 1048576K
}
Event: 146.266 GC heap before
{Heap before GC invocations=125 (full 0):
 garbage-first heap   total 90112K, used 79886K [0x0000000705800000, 0x0000000800000000)
  region size 2048K, 18 young (36864K), 1 survivors (2048K)
 Metaspace       used 96791K, committed 97600K, reserved 1179648K
  class space    used 12498K, committed 12864K, reserved 1048576K
}
Event: 146.267 GC heap after
{Heap after GC invocations=126 (full 0):
 garbage-first heap   total 90112K, used 45084K [0x0000000705800000, 0x0000000800000000)
  region size 2048K, 1 young (2048K), 1 survivors (2048K)
 Metaspace       used 96791K, committed 97600K, reserved 1179648K
  class space    used 12498K, committed 12864K, reserved 1048576K
}
Event: 146.782 GC heap before
{Heap before GC invocations=127 (full 0):
 garbage-first heap   total 90112K, used 77852K [0x0000000705800000, 0x0000000800000000)
  region size 2048K, 18 young (36864K), 1 survivors (2048K)
 Metaspace       used 96791K, committed 97600K, reserved 1179648K
  class space    used 12498K, committed 12864K, reserved 1048576K
}
Event: 146.782 GC heap after
{Heap after GC invocations=128 (full 0):
 garbage-first heap   total 90112K, used 45074K [0x0000000705800000, 0x0000000800000000)
  region size 2048K, 1 young (2048K), 1 survivors (2048K)
 Metaspace       used 96791K, committed 97600K, reserved 1179648K
  class space    used 12498K, committed 12864K, reserved 1048576K
}
Event: 147.266 GC heap before
{Heap before GC invocations=128 (full 0):
 garbage-first heap   total 90112K, used 77842K [0x0000000705800000, 0x0000000800000000)
  region size 2048K, 18 young (36864K), 1 survivors (2048K)
 Metaspace       used 96791K, committed 97600K, reserved 1179648K
  class space    used 12498K, committed 12864K, reserved 1048576K
}
Event: 147.267 GC heap after
{Heap after GC invocations=129 (full 0):
 garbage-first heap   total 90112K, used 45094K [0x0000000705800000, 0x0000000800000000)
  region size 2048K, 1 young (2048K), 1 survivors (2048K)
 Metaspace       used 96791K, committed 97600K, reserved 1179648K
  class space    used 12498K, committed 12864K, reserved 1048576K
}
Event: 147.647 GC heap before
{Heap before GC invocations=130 (full 0):
 garbage-first heap   total 90112K, used 79910K [0x0000000705800000, 0x0000000800000000)
  region size 2048K, 18 young (36864K), 1 survivors (2048K)
 Metaspace       used 96791K, committed 97600K, reserved 1179648K
  class space    used 12498K, committed 12864K, reserved 1048576K
}
Event: 147.647 GC heap after
{Heap after GC invocations=131 (full 0):
 garbage-first heap   total 90112K, used 45094K [0x0000000705800000, 0x0000000800000000)
  region size 2048K, 1 young (2048K), 1 survivors (2048K)
 Metaspace       used 96791K, committed 97600K, reserved 1179648K
  class space    used 12498K, committed 12864K, reserved 1048576K
}
Event: 147.983 GC heap before
{Heap before GC invocations=131 (full 0):
 garbage-first heap   total 90112K, used 77862K [0x0000000705800000, 0x0000000800000000)
  region size 2048K, 18 young (36864K), 1 survivors (2048K)
 Metaspace       used 96791K, committed 97600K, reserved 1179648K
  class space    used 12498K, committed 12864K, reserved 1048576K
}
Event: 147.984 GC heap after
{Heap after GC invocations=132 (full 0):
 garbage-first heap   total 90112K, used 45086K [0x0000000705800000, 0x0000000800000000)
  region size 2048K, 1 young (2048K), 1 survivors (2048K)
 Metaspace       used 96791K, committed 97600K, reserved 1179648K
  class space    used 12498K, committed 12864K, reserved 1048576K
}

Dll operation events (11 events):
Event: 0.004 Loaded shared library C:\Program Files\Java\jdk-21\bin\java.dll
Event: 0.026 Loaded shared library C:\Program Files\Java\jdk-21\bin\jsvml.dll
Event: 0.082 Loaded shared library C:\Program Files\Java\jdk-21\bin\jimage.dll
Event: 0.086 Loaded shared library C:\Program Files\Java\jdk-21\bin\net.dll
Event: 0.088 Loaded shared library C:\Program Files\Java\jdk-21\bin\nio.dll
Event: 0.090 Loaded shared library C:\Program Files\Java\jdk-21\bin\zip.dll
Event: 0.136 Loaded shared library C:\Program Files\Java\jdk-21\bin\management.dll
Event: 0.144 Loaded shared library C:\Program Files\Java\jdk-21\bin\management_ext.dll
Event: 0.330 Loaded shared library C:\Program Files\Java\jdk-21\bin\extnet.dll
Event: 1.268 Loaded shared library C:\Program Files\Java\jdk-21\bin\sunmscapi.dll
Event: 2.530 Loaded shared library C:\Program Files\Java\jdk-21\bin\verify.dll

Deoptimization events (20 events):
Event: 137.978 Thread 0x000001e03783b4d0 Uncommon trap: trap_request=0xffffffbe fr.pc=0x000001e028effd00 relative=0x00000000000009c0
Event: 137.978 Thread 0x000001e03783b4d0 Uncommon trap: reason=profile_predicate action=maybe_recompile pc=0x000001e028effd00 method=java.util.AbstractCollection.containsAll(Ljava/util/Collection;)Z @ 13 c2
Event: 137.978 Thread 0x000001e03783b4d0 DEOPT PACKING pc=0x000001e028effd00 sp=0x00000008ebbfeec0
Event: 137.978 Thread 0x000001e03783b4d0 DEOPT UNPACKING pc=0x000001e0281c7da2 sp=0x00000008ebbfee80 mode 2
Event: 145.419 Thread 0x000001e0014ed110 Uncommon trap: trap_request=0xffffff45 fr.pc=0x000001e02897ad40 relative=0x0000000000000ce0
Event: 145.419 Thread 0x000001e0014ed110 Uncommon trap: reason=unstable_if action=reinterpret pc=0x000001e02897ad40 method=java.util.concurrent.ConcurrentLinkedDeque.unlink(Ljava/util/concurrent/ConcurrentLinkedDeque$Node;)V @ 97 c2
Event: 145.419 Thread 0x000001e0014ed110 DEOPT PACKING pc=0x000001e02897ad40 sp=0x00000008ed6fd070
Event: 145.419 Thread 0x000001e0014ed110 DEOPT UNPACKING pc=0x000001e0281c7da2 sp=0x00000008ed6fd010 mode 2
Event: 146.945 Thread 0x000001e0014eca80 Uncommon trap: trap_request=0xffffff45 fr.pc=0x000001e028caee7c relative=0x000000000000101c
Event: 146.945 Thread 0x000001e0014eca80 Uncommon trap: reason=unstable_if action=reinterpret pc=0x000001e028caee7c method=com.zaxxer.hikari.util.ConcurrentBag.borrow(JLjava/util/concurrent/TimeUnit;)Lcom/zaxxer/hikari/util/ConcurrentBag$IConcurrentBagEntry; @ 148 c2
Event: 146.945 Thread 0x000001e0014eca80 DEOPT PACKING pc=0x000001e028caee7c sp=0x00000008ed0fc690
Event: 146.945 Thread 0x000001e0014eca80 DEOPT UNPACKING pc=0x000001e0281c7da2 sp=0x00000008ed0fc498 mode 2
Event: 146.945 Thread 0x000001e0014ede30 Uncommon trap: trap_request=0xffffff45 fr.pc=0x000001e0288b7d68 relative=0x00000000000028a8
Event: 146.945 Thread 0x000001e0014ede30 Uncommon trap: reason=unstable_if action=reinterpret pc=0x000001e0288b7d68 method=com.zaxxer.hikari.util.ConcurrentBag.requite(Lcom/zaxxer/hikari/util/ConcurrentBag$IConcurrentBagEntry;)V @ 16 c2
Event: 146.945 Thread 0x000001e0014e88e0 Uncommon trap: trap_request=0xffffff45 fr.pc=0x000001e0288b7d68 relative=0x00000000000028a8
Event: 146.945 Thread 0x000001e0014e88e0 Uncommon trap: reason=unstable_if action=reinterpret pc=0x000001e0288b7d68 method=com.zaxxer.hikari.util.ConcurrentBag.requite(Lcom/zaxxer/hikari/util/ConcurrentBag$IConcurrentBagEntry;)V @ 16 c2
Event: 146.945 Thread 0x000001e0014ede30 DEOPT PACKING pc=0x000001e0288b7d68 sp=0x00000008ecffca70
Event: 146.945 Thread 0x000001e0014e88e0 DEOPT PACKING pc=0x000001e0288b7d68 sp=0x00000008ed2fcc40
Event: 146.945 Thread 0x000001e0014ede30 DEOPT UNPACKING pc=0x000001e0281c7da2 sp=0x00000008ecffc688 mode 2
Event: 146.946 Thread 0x000001e0014e88e0 DEOPT UNPACKING pc=0x000001e0281c7da2 sp=0x00000008ed2fc858 mode 2

Classes loaded (20 events):
Event: 20.094 Loading class sun/util/resources/LocaleData$2
Event: 20.094 Loading class sun/util/resources/LocaleData$2 done
Event: 20.094 Loading class sun/util/resources/LocaleData$SupplementaryStrategy
Event: 20.094 Loading class sun/util/resources/LocaleData$SupplementaryStrategy done
Event: 20.094 Loading class sun/text/resources/JavaTimeSupplementary
Event: 20.094 Loading class sun/text/resources/JavaTimeSupplementary done
Event: 20.094 Loading class sun/util/resources/LocaleData$SupplementaryResourceBundleProvider
Event: 20.095 Loading class sun/util/resources/LocaleData$SupplementaryResourceBundleProvider done
Event: 20.095 Loading class sun/util/resources/ParallelListResourceBundle$KeySet
Event: 20.095 Loading class sun/util/resources/ParallelListResourceBundle$KeySet done
Event: 20.097 Loading class sun/util/locale/provider/CalendarDataUtility$CalendarFieldValueNameGetter
Event: 20.097 Loading class sun/util/locale/provider/CalendarDataUtility$CalendarFieldValueNameGetter done
Event: 20.117 Loading class java/lang/constant/DynamicConstantDesc
Event: 20.117 Loading class java/lang/constant/DynamicConstantDesc done
Event: 20.119 Loading class jdk/internal/reflect/MethodHandleBooleanFieldAccessorImpl
Event: 20.119 Loading class jdk/internal/reflect/MethodHandleBooleanFieldAccessorImpl done
Event: 40.721 Loading class sun/net/ConnectionResetException
Event: 40.721 Loading class sun/net/ConnectionResetException done
Event: 103.487 Loading class sun/util/locale/LocaleExtensions
Event: 103.488 Loading class sun/util/locale/LocaleExtensions done

Classes unloaded (0 events):
No events

Classes redefined (0 events):
No events

Internal exceptions (20 events):
Event: 13.388 Thread 0x000001e0014e88e0 Exception <a 'java/lang/NoSuchMethodError'{0x000000070ab50c58}: 'java.lang.Object java.lang.invoke.DirectMethodHandle$Holder.invokeSpecial(java.lang.Object, java.lang.Object, java.lang.Object, java.lang.Object, java.lang.Object, long)'> (0x000000070ab50c58) 
thrown [s\open\src\hotspot\share\interpreter\linkResolver.cpp, line 773]
Event: 13.388 Thread 0x000001e0014e88e0 Exception <a 'java/lang/NoSuchMethodError'{0x000000070ab543e0}: 'java.lang.Object java.lang.invoke.Invokers$Holder.linkToTargetMethod(java.lang.Object, java.lang.Object, java.lang.Object, long, java.lang.Object)'> (0x000000070ab543e0) 
thrown [s\open\src\hotspot\share\interpreter\linkResolver.cpp, line 773]
Event: 15.341 Thread 0x000001e0014ed7a0 Exception <a 'java/lang/NoSuchMethodError'{0x0000000709cf4c98}: 'void java.lang.invoke.DirectMethodHandle$Holder.invokeSpecialIFC(java.lang.Object, java.lang.Object, int, java.lang.Object, java.lang.Object, java.lang.Object, java.lang.Object)'> (0x0000000709cf4c98) 
thrown [s\open\src\hotspot\share\interpreter\linkResolver.cpp, line 773]
Event: 15.367 Thread 0x000001e0014ed7a0 Exception <a 'java/lang/NoSuchMethodError'{0x0000000709a989e8}: 'java.lang.Object java.lang.invoke.DirectMethodHandle$Holder.newInvokeSpecial(java.lang.Object, java.lang.Object, java.lang.Object, long)'> (0x0000000709a989e8) 
thrown [s\open\src\hotspot\share\interpreter\linkResolver.cpp, line 773]
Event: 15.367 Thread 0x000001e0014ed7a0 Exception <a 'java/lang/NoSuchMethodError'{0x0000000709a9d270}: 'java.lang.Object java.lang.invoke.DirectMethodHandle$Holder.invokeSpecial(java.lang.Object, java.lang.Object, java.lang.Object, java.lang.Object, long)'> (0x0000000709a9d270) 
thrown [s\open\src\hotspot\share\interpreter\linkResolver.cpp, line 773]
Event: 15.368 Thread 0x000001e0014ed7a0 Exception <a 'java/lang/NoSuchMethodError'{0x0000000709aa1458}: 'java.lang.Object java.lang.invoke.Invokers$Holder.linkToTargetMethod(java.lang.Object, java.lang.Object, long, java.lang.Object)'> (0x0000000709aa1458) 
thrown [s\open\src\hotspot\share\interpreter\linkResolver.cpp, line 773]
Event: 15.458 Thread 0x000001e0014ed7a0 Exception <a 'java/lang/NoSuchMethodError'{0x000000070994e008}: 'int java.lang.invoke.DirectMethodHandle$Holder.invokeStatic(java.lang.Object, java.lang.Object, int, int)'> (0x000000070994e008) 
thrown [s\open\src\hotspot\share\interpreter\linkResolver.cpp, line 773]
Event: 19.960 Thread 0x000001e0014e88e0 Exception <a 'sun/nio/fs/WindowsException'{0x0000000709273120}> (0x0000000709273120) 
thrown [s\open\src\hotspot\share\prims\jni.cpp, line 520]
Event: 20.100 Thread 0x000001e0014eca80 Exception <a 'java/lang/NoSuchMethodError'{0x00000007090e6340}: 'void java.lang.invoke.Invokers$Holder.invokeExact_MT(java.lang.Object, java.lang.Object, int, java.lang.Object)'> (0x00000007090e6340) 
thrown [s\open\src\hotspot\share\interpreter\linkResolver.cpp, line 773]
Event: 20.122 Thread 0x000001e0014eca80 Exception <a 'java/lang/IncompatibleClassChangeError'{0x0000000715231a78}: Found class java.lang.Object, but interface was expected> (0x0000000715231a78) 
thrown [s\open\src\hotspot\share\interpreter\linkResolver.cpp, line 840]
Event: 40.721 Thread 0x000001e0014ef1e0 Exception <a 'sun/net/ConnectionResetException'{0x000000070a112808}: Connection reset> (0x000000070a112808) 
thrown [s\open\src\hotspot\share\prims\jni.cpp, line 539]
Event: 40.721 Thread 0x000001e0014eca80 Exception <a 'sun/net/ConnectionResetException'{0x000000070a12ce98}: Connection reset> (0x000000070a12ce98) 
thrown [s\open\src\hotspot\share\prims\jni.cpp, line 539]
Event: 40.727 Thread 0x000001e0014e88e0 Exception <a 'sun/net/ConnectionResetException'{0x000000070a147ac0}: Connection reset> (0x000000070a147ac0) 
thrown [s\open\src\hotspot\share\prims\jni.cpp, line 539]
Event: 40.727 Thread 0x000001e0014e8250 Exception <a 'sun/net/ConnectionResetException'{0x000000070a194bc8}: Connection reset> (0x000000070a194bc8) 
thrown [s\open\src\hotspot\share\prims\jni.cpp, line 539]
Event: 40.728 Thread 0x000001e0014ef870 Exception <a 'sun/net/ConnectionResetException'{0x000000070a1e5b50}: Connection reset> (0x000000070a1e5b50) 
thrown [s\open\src\hotspot\share\prims\jni.cpp, line 539]
Event: 40.728 Thread 0x000001e0014e8250 Exception <a 'sun/net/ConnectionResetException'{0x000000070a195218}: Connection reset> (0x000000070a195218) 
thrown [s\open\src\hotspot\share\prims\jni.cpp, line 539]
Event: 114.762 Thread 0x000001e0014ef870 Implicit null exception at 0x000001e0291bed00 to 0x000001e0291c37fc
Event: 114.766 Thread 0x000001e0014ede30 Implicit null exception at 0x000001e0291bed00 to 0x000001e0291c37fc
Event: 114.767 Thread 0x000001e0014eca80 Implicit null exception at 0x000001e0291bed00 to 0x000001e0291c37fc
Event: 114.769 Thread 0x000001e0014ebd60 Implicit null exception at 0x000001e0291bed00 to 0x000001e0291c37fc

ZGC Phase Switch (0 events):
No events

VM Operations (20 events):
Event: 145.847 Executing VM operation: G1CollectForAllocation (G1 Evacuation Pause) done
Event: 146.266 Executing VM operation: G1CollectForAllocation (G1 Evacuation Pause)
Event: 146.267 Executing VM operation: G1CollectForAllocation (G1 Evacuation Pause) done
Event: 146.321 Executing VM operation: G1PauseRemark
Event: 146.323 Executing VM operation: G1PauseRemark done
Event: 146.329 Executing VM operation: G1PauseCleanup
Event: 146.329 Executing VM operation: G1PauseCleanup done
Event: 146.782 Executing VM operation: G1CollectForAllocation (G1 Evacuation Pause)
Event: 146.782 Executing VM operation: G1CollectForAllocation (G1 Evacuation Pause) done
Event: 147.266 Executing VM operation: G1CollectForAllocation (G1 Evacuation Pause)
Event: 147.267 Executing VM operation: G1CollectForAllocation (G1 Evacuation Pause) done
Event: 147.338 Executing VM operation: G1PauseRemark
Event: 147.340 Executing VM operation: G1PauseRemark done
Event: 147.347 Executing VM operation: G1PauseCleanup
Event: 147.347 Executing VM operation: G1PauseCleanup done
Event: 147.647 Executing VM operation: G1CollectForAllocation (G1 Evacuation Pause)
Event: 147.647 Executing VM operation: G1CollectForAllocation (G1 Evacuation Pause) done
Event: 147.983 Executing VM operation: G1CollectForAllocation (G1 Evacuation Pause)
Event: 147.984 Executing VM operation: G1CollectForAllocation (G1 Evacuation Pause) done
Event: 148.053 Executing VM operation: G1PauseRemark

Events (20 events):
Event: 143.619 Thread 0x000001e001d37650 Thread exited: 0x000001e001d37650
Event: 145.418 Thread 0x000001e0378110c0 flushing nmethod 0x000001e022070810
Event: 145.418 Thread 0x000001e0378110c0 flushing nmethod 0x000001e0223cb390
Event: 146.323 Thread 0x000001e0378110c0 flushing nmethod 0x000001e02279f990
Event: 146.323 Thread 0x000001e0378110c0 flushing nmethod 0x000001e0227a2810
Event: 146.323 Thread 0x000001e0378110c0 flushing nmethod 0x000001e0227a2e10
Event: 146.323 Thread 0x000001e0378110c0 flushing nmethod 0x000001e020ef7d90
Event: 146.946 Thread 0x000001e000e0f5e0 Thread added: 0x000001e000e0f5e0
Event: 147.340 Thread 0x000001e0378110c0 flushing nmethod 0x000001e0211ada90
Event: 147.340 Thread 0x000001e0378110c0 flushing nmethod 0x000001e020d91890
Event: 147.340 Thread 0x000001e0378110c0 flushing nmethod 0x000001e020e43d10
Event: 147.340 Thread 0x000001e0378110c0 flushing nmethod 0x000001e028979e10
Event: 147.340 Thread 0x000001e0378110c0 flushing nmethod 0x000001e020cd3890
Event: 147.340 Thread 0x000001e0378110c0 flushing nmethod 0x000001e020d8c990
Event: 147.340 Thread 0x000001e0378110c0 flushing nmethod 0x000001e02122d290
Event: 147.340 Thread 0x000001e0378110c0 flushing nmethod 0x000001e021270b90
Event: 147.340 Thread 0x000001e0378110c0 flushing nmethod 0x000001e020c77b10
Event: 147.340 Thread 0x000001e0378110c0 flushing nmethod 0x000001e020e82c90
Event: 148.055 Thread 0x000001e0378110c0 flushing nmethod 0x000001e0288b4c90
Event: 148.055 Thread 0x000001e0378110c0 flushing nmethod 0x000001e028cada90


Dynamic libraries:
0x00007ff7071d0000 - 0x00007ff7071e0000 	C:\Program Files\Java\jdk-21\bin\java.exe
0x00007ff992eb0000 - 0x00007ff9930a8000 	C:\WINDOWS\SYSTEM32\ntdll.dll
0x00007ff992d70000 - 0x00007ff992e32000 	C:\WINDOWS\System32\KERNEL32.DLL
0x00007ff990900000 - 0x00007ff990bff000 	C:\WINDOWS\System32\KERNELBASE.dll
0x00007ff990670000 - 0x00007ff990770000 	C:\WINDOWS\System32\ucrtbase.dll
0x00007ff903980000 - 0x00007ff90399b000 	C:\Program Files\Java\jdk-21\bin\VCRUNTIME140.dll
0x00007ff903960000 - 0x00007ff903979000 	C:\Program Files\Java\jdk-21\bin\jli.dll
0x00007ff991e10000 - 0x00007ff991ec1000 	C:\WINDOWS\System32\ADVAPI32.dll
0x00007ff991330000 - 0x00007ff9913ce000 	C:\WINDOWS\System32\msvcrt.dll
0x00007ff991400000 - 0x00007ff99149f000 	C:\WINDOWS\System32\sechost.dll
0x00007ff991550000 - 0x00007ff991673000 	C:\WINDOWS\System32\RPCRT4.dll
0x00007ff990770000 - 0x00007ff990797000 	C:\WINDOWS\System32\bcrypt.dll
0x00007ff990ec0000 - 0x00007ff99105d000 	C:\WINDOWS\System32\USER32.dll
0x00007ff990c00000 - 0x00007ff990c22000 	C:\WINDOWS\System32\win32u.dll
0x00007ff97b9b0000 - 0x00007ff97bc4a000 	C:\WINDOWS\WinSxS\amd64_microsoft.windows.common-controls_6595b64144ccf1df_6.0.19041.4355_none_60b8b9eb71f62e16\COMCTL32.dll
0x00007ff992e40000 - 0x00007ff992e6b000 	C:\WINDOWS\System32\GDI32.dll
0x00007ff990da0000 - 0x00007ff990eb7000 	C:\WINDOWS\System32\gdi32full.dll
0x00007ff990540000 - 0x00007ff9905dd000 	C:\WINDOWS\System32\msvcp_win.dll
0x00007ff984f60000 - 0x00007ff984f6a000 	C:\WINDOWS\SYSTEM32\VERSION.dll
0x00007ff991270000 - 0x00007ff99129f000 	C:\WINDOWS\System32\IMM32.DLL
0x00007ff927220000 - 0x00007ff92722c000 	C:\Program Files\Java\jdk-21\bin\vcruntime140_1.dll
0x00007ff9038d0000 - 0x00007ff90395e000 	C:\Program Files\Java\jdk-21\bin\msvcp140.dll
0x00007ff902bb0000 - 0x00007ff9038c8000 	C:\Program Files\Java\jdk-21\bin\server\jvm.dll
0x00007ff992590000 - 0x00007ff9925fb000 	C:\WINDOWS\System32\WS2_32.dll
0x00007ff98fa80000 - 0x00007ff98facb000 	C:\WINDOWS\SYSTEM32\POWRPROF.dll
0x00007ff974670000 - 0x00007ff974697000 	C:\WINDOWS\SYSTEM32\WINMM.dll
0x00007ff98f940000 - 0x00007ff98f952000 	C:\WINDOWS\SYSTEM32\UMPDC.dll
0x00007ff98ed60000 - 0x00007ff98ed72000 	C:\WINDOWS\SYSTEM32\kernel.appcore.dll
0x00007ff902ba0000 - 0x00007ff902baa000 	C:\Program Files\Java\jdk-21\bin\jimage.dll
0x00007ff98dca0000 - 0x00007ff98de84000 	C:\WINDOWS\SYSTEM32\DBGHELP.DLL
0x00007ff96fcf0000 - 0x00007ff96fd24000 	C:\WINDOWS\SYSTEM32\dbgcore.DLL
0x00007ff9905e0000 - 0x00007ff990662000 	C:\WINDOWS\System32\bcryptPrimitives.dll
0x00007ff902b80000 - 0x00007ff902b9f000 	C:\Program Files\Java\jdk-21\bin\java.dll
0x00007ff992600000 - 0x00007ff992d6e000 	C:\WINDOWS\System32\SHELL32.dll
0x00007ff98e5a0000 - 0x00007ff98ed44000 	C:\WINDOWS\SYSTEM32\windows.storage.dll
0x00007ff992230000 - 0x00007ff992585000 	C:\WINDOWS\System32\combase.dll
0x00007ff98ff70000 - 0x00007ff98ff9f000 	C:\WINDOWS\SYSTEM32\Wldp.dll
0x00007ff991ed0000 - 0x00007ff991f9d000 	C:\WINDOWS\System32\OLEAUT32.dll
0x00007ff9914a0000 - 0x00007ff99154d000 	C:\WINDOWS\System32\SHCORE.dll
0x00007ff991680000 - 0x00007ff9916d5000 	C:\WINDOWS\System32\shlwapi.dll
0x00007ff990470000 - 0x00007ff990494000 	C:\WINDOWS\SYSTEM32\profapi.dll
0x00007ff902aa0000 - 0x00007ff902b77000 	C:\Program Files\Java\jdk-21\bin\jsvml.dll
0x00007ff902a90000 - 0x00007ff902aa0000 	C:\Program Files\Java\jdk-21\bin\net.dll
0x00007ff98a1a0000 - 0x00007ff98a2ad000 	C:\WINDOWS\SYSTEM32\WINHTTP.dll
0x00007ff98fcd0000 - 0x00007ff98fd3a000 	C:\WINDOWS\system32\mswsock.dll
0x00007ff902a70000 - 0x00007ff902a86000 	C:\Program Files\Java\jdk-21\bin\nio.dll
0x00007ff902a50000 - 0x00007ff902a68000 	C:\Program Files\Java\jdk-21\bin\zip.dll
0x00007ff902a40000 - 0x00007ff902a4a000 	C:\Program Files\Java\jdk-21\bin\management.dll
0x00007ff902a30000 - 0x00007ff902a3b000 	C:\Program Files\Java\jdk-21\bin\management_ext.dll
0x00007ff991060000 - 0x00007ff991068000 	C:\WINDOWS\System32\PSAPI.DLL
0x00007ff96a0f0000 - 0x00007ff96a107000 	C:\WINDOWS\system32\napinsp.dll
0x00007ff969fd0000 - 0x00007ff969feb000 	C:\WINDOWS\system32\pnrpnsp.dll
0x00007ff98a170000 - 0x00007ff98a18d000 	C:\WINDOWS\system32\NLAapi.dll
0x00007ff98f960000 - 0x00007ff98f99b000 	C:\WINDOWS\SYSTEM32\IPHLPAPI.DLL
0x00007ff98f9b0000 - 0x00007ff98fa7a000 	C:\WINDOWS\SYSTEM32\DNSAPI.dll
0x00007ff991260000 - 0x00007ff991268000 	C:\WINDOWS\System32\NSI.dll
0x00007ff969fb0000 - 0x00007ff969fc2000 	C:\WINDOWS\System32\winrnr.dll
0x00007ff98a3b0000 - 0x00007ff98a3c5000 	C:\WINDOWS\system32\wshbth.dll
0x00007ff988d90000 - 0x00007ff988d9a000 	C:\Windows\System32\rasadhlp.dll
0x00007ff986cb0000 - 0x00007ff986d30000 	C:\WINDOWS\System32\fwpuclnt.dll
0x00007ff98fec0000 - 0x00007ff98fed8000 	C:\WINDOWS\SYSTEM32\CRYPTSP.dll
0x00007ff98f580000 - 0x00007ff98f5b4000 	C:\WINDOWS\system32\rsaenh.dll
0x00007ff990430000 - 0x00007ff99045e000 	C:\WINDOWS\SYSTEM32\USERENV.dll
0x00007ff98fee0000 - 0x00007ff98feec000 	C:\WINDOWS\SYSTEM32\CRYPTBASE.dll
0x00007ff902a20000 - 0x00007ff902a29000 	C:\Program Files\Java\jdk-21\bin\extnet.dll
0x00007ff902a10000 - 0x00007ff902a1e000 	C:\Program Files\Java\jdk-21\bin\sunmscapi.dll
0x00007ff9907a0000 - 0x00007ff9908fc000 	C:\WINDOWS\System32\CRYPT32.dll
0x00007ff98ffe0000 - 0x00007ff990007000 	C:\WINDOWS\SYSTEM32\ncrypt.dll
0x00007ff98ffa0000 - 0x00007ff98ffdb000 	C:\WINDOWS\SYSTEM32\NTASN1.dll
0x00007ff9898c0000 - 0x00007ff9898d0000 	C:\Program Files\Java\jdk-21\bin\verify.dll
0x00007ff954fe0000 - 0x00007ff954fe7000 	C:\WINDOWS\system32\wshunix.dll

dbghelp: loaded successfully - version: 4.0.5 - missing functions: none
symbol engine: initialized successfully - sym options: 0x614 - pdb path: .;C:\Program Files\Java\jdk-21\bin;C:\WINDOWS\SYSTEM32;C:\WINDOWS\WinSxS\amd64_microsoft.windows.common-controls_6595b64144ccf1df_6.0.19041.4355_none_60b8b9eb71f62e16;C:\Program Files\Java\jdk-21\bin\server

VM Arguments:
jvm_args: -XX:+ShowCodeDetailsInExceptionMessages -Dspring.jmx.enabled=true -Dmanagement.endpoints.jmx.exposure.include=* -Dspring.application.admin.enabled=true -Dspring.boot.project.name=shm -Djava.rmi.server.hostname=localhost -Dcom.sun.management.jmxremote.port=45556 -Dcom.sun.management.jmxremote.authenticate=false -Dcom.sun.management.jmxremote.ssl=false 
java_command: com.shm.ShmApplication
java_class_path (initial): E:\Facultate\Licenta\SMH-DEV\shmbackend\target\classes;C:\Users\Alex\.m2\repository\org\springframework\boot\spring-boot-starter-security\3.2.2\spring-boot-starter-security-3.2.2.jar;C:\Users\Alex\.m2\repository\org\springframework\boot\spring-boot-starter\3.2.2\spring-boot-starter-3.2.2.jar;C:\Users\Alex\.m2\repository\org\springframework\boot\spring-boot\3.2.2\spring-boot-3.2.2.jar;C:\Users\Alex\.m2\repository\org\springframework\boot\spring-boot-autoconfigure\3.2.2\spring-boot-autoconfigure-3.2.2.jar;C:\Users\Alex\.m2\repository\org\springframework\boot\spring-boot-starter-logging\3.2.2\spring-boot-starter-logging-3.2.2.jar;C:\Users\Alex\.m2\repository\ch\qos\logback\logback-classic\1.4.14\logback-classic-1.4.14.jar;C:\Users\Alex\.m2\repository\ch\qos\logback\logback-core\1.4.14\logback-core-1.4.14.jar;C:\Users\Alex\.m2\repository\org\apache\logging\log4j\log4j-to-slf4j\2.21.1\log4j-to-slf4j-2.21.1.jar;C:\Users\Alex\.m2\repository\org\apache\logging\log4j\log4j-api\2.21.1\log4j-api-2.21.1.jar;C:\Users\Alex\.m2\repository\org\slf4j\jul-to-slf4j\2.0.11\jul-to-slf4j-2.0.11.jar;C:\Users\Alex\.m2\repository\jakarta\annotation\jakarta.annotation-api\2.1.1\jakarta.annotation-api-2.1.1.jar;C:\Users\Alex\.m2\repository\org\yaml\snakeyaml\2.2\snakeyaml-2.2.jar;C:\Users\Alex\.m2\repository\org\springframework\spring-aop\6.1.3\spring-aop-6.1.3.jar;C:\Users\Alex\.m2\repository\org\springframework\spring-beans\6.1.3\spring-beans-6.1.3.jar;C:\Users\Alex\.m2\repository\org\springframework\security\spring-security-config\6.2.1\spring-security-config-6.2.1.jar;C:\Users\Alex\.m2\repository\org\springframework\security\spring-security-core\6.2.1\spring-security-core-6.2.1.jar;C:\Users\Alex\.m2\repository\org\springframework\security\spring-security-crypto\6.2.1\spring-security-crypto-6.2.1.jar;C:\Users\Alex\.m2\repository\org\springframework\spring-context\6.1.3\spring-context-6.1.3.jar;C:\Users\Alex\.m2\repository\org\springframework\security\spring-security-web\6.2.1\spring-security-web-6.2.1.jar;C:\Users\Alex\.m2\repository\org\springframework\spring-expression\6.1.3\spring-expression-6.1.3.jar;C:\Users\Alex\.m2\repository\io\jsonwebtoken\jjwt-api\0.12.5\jjwt-api-0.12.5.jar;C:\Users\Alex\.m2\repository\io\jsonwebtoken\jjwt-impl\0.12.5\jjwt-impl-0.12.5.jar;C:\Users\Alex\.m2\repository\io\jsonwebtoken\jjwt-jackson\0.12.5\jjwt-jackson-0.12.5.jar;C:\Users\Alex\.m2\repository\com\fasterxml\jackson\core\jackson-databind\2.15.3\jackson-databind-2.15.3.jar;C:\Users\Alex\.m2\repository\com\fasterxml\jackson\core\jackson-annotations\2.15.3\jackson-annotations-2.15.3.jar;C:\Users\Alex\.m2\repository\com\fasterxml\jackson\core\jackson-core\2.15.3\jackson-core-2.15.3.jar;C:\Users\Alex\.m2\repository\org\springframework\boot\spring-boot-starter-actuator\3.2.2\spring-boot-starter-actuator-3.2.2.jar;C:\Users\Alex\.m2\repository\org\springframework\boot\spring-boot-actuator-autoconfigure\3.2.2\spring-boot-actuator-autoconfigure-3.2.2.jar;C:\Users\Alex\.m2\repository\org\springframework\boot\spring-boot-actuator\3.2.2\spring-boot-actuator-3.2.2.jar;C:\Users\Alex\.m2\repository\com\fasterxml\jackson\datatype\jackson-datatype-jsr310\2.15.3\jackson-datatype-jsr310-2.15.3.jar;C:\Users\Alex\.m2\repository\io\micrometer\micrometer-observation\1.12.2\micrometer-observation-1.12.2.jar;C:\Users\Alex\.m2\repository\io\micrometer\micrometer-commons\1.12.2\micrometer-commons-1.12.2.jar;C:\Users\Alex\.m2\repository\io\micrometer\micrometer-jakarta9\1.12.2\micrometer-jakarta9-1.12.2.jar;C:\Users\Alex\.m2\repository\io\micrometer\micrometer-core\1.12.2\micrometer-core-1.12.2.jar;C:\Users\Alex\.m2\repository\org\hdrhistogram\HdrHistogram\2.1.12\HdrHistogram-2.1.12.jar;C:\Users\Alex\.m2\repository\org\latencyutils\LatencyUtils\2.0.3\LatencyUtils-2.0.3.jar;C:\Users\Alex\.m2\repository\org\springframework\boot\spring-boot-starter-data-jpa\3.2.2\spring-boot-starter-data-jpa-3.2.2.jar;C:\Users\Alex\.m2\repository\org\springframework\boot\spring-boot-starter-aop\3.2.2\spring-boot-starter-aop-3.2.2.jar;C:\Users\Alex\.m2\repository\org\aspectj\aspectjweaver\1.9.21\aspectjweaver-1.9.21.jar;C:\Users\Alex\.m2\repository\org\springframework\boot\spring-boot-starter-jdbc\3.2.2\spring-boot-starter-jdbc-3.2.2.jar;C:\Users\Alex\.m2\repository\com\zaxxer\HikariCP\5.0.1\HikariCP-5.0.1.jar;C:\Users\Alex\.m2\repository\org\springframework\spring-jdbc\6.1.3\spring-jdbc-6.1.3.jar;C:\Users\Alex\.m2\repository\org\hibernate\orm\hibernate-core\6.4.1.Final\hibernate-core-6.4.1.Final.jar;C:\Users\Alex\.m2\repository\jakarta\persistence\jakarta.persistence-api\3.1.0\jakarta.persistence-api-3.1.0.jar;C:\Users\Alex\.m2\repository\jakarta\transaction\jakarta.transaction-api\2.0.1\jakarta.transaction-api-2.0.1.jar;C:\Users\Alex\.m2\repository\org\jboss\logging\jboss-logging\3.5.3.Final\jboss-logging-3.5.3.Final.jar;C:\Users\Alex\.m2\repository\org\hibernate\common\hibernate-commons-annotations\6.0.6.Final\hibernate-commons-annotations-6.0.6.Final.jar;C:\Users\Alex\.m2\repository\io\smallrye\jandex\3.1.2\jandex-3.1.2.jar;C:\Users\Alex\.m2\repository\com\fasterxml\classmate\1.6.0\classmate-1.6.0.jar;C:\Users\Alex\.m2\repository\net\bytebuddy\byte-buddy\1.14.11\byte-buddy-1.14.11.jar;C:\Users\Alex\.m2\repository\org\glassfish\jaxb\jaxb-runtime\4.0.4\jaxb-runtime-4.0.4.jar;C:\Users\Alex\.m2\repository\org\glassfish\jaxb\jaxb-core\4.0.4\jaxb-core-4.0.4.jar;C:\Users\Alex\.m2\repository\org\eclipse\angus\angus-activation\2.0.1\angus-activation-2.0.1.jar;C:\Users\Alex\.m2\repository\org\glassfish\jaxb\txw2\4.0.4\txw2-4.0.4.jar;C:\Users\Alex\.m2\repository\com\sun\istack\istack-commons-runtime\4.1.2\istack-commons-runtime-4.1.2.jar;C:\Users\Alex\.m2\repository\jakarta\inject\jakarta.inject-api\2.0.1\jakarta.inject-api-2.0.1.jar;C:\Users\Alex\.m2\repository\org\antlr\antlr4-runtime\4.13.0\antlr4-runtime-4.13.0.jar;C:\Users\Alex\.m2\repository\org\springframework\data\spring-data-jpa\3.2.2\spring-data-jpa-3.2.2.jar;C:\Users\Alex\.m2\repository\org\springframework\data\spring-data-commons\3.2.2\spring-data-commons-3.2.2.jar;C:\Users\Alex\.m2\repository\org\springframework\spring-orm\6.1.3\spring-orm-6.1.3.jar;C:\Users\Alex\.m2\repository\org\springframework\spring-tx\6.1.3\spring-tx-6.1.3.jar;C:\Users\Alex\.m2\repository\org\springframework\spring-aspects\6.1.3\spring-aspects-6.1.3.jar;C:\Users\Alex\.m2\repository\org\springframework\boot\spring-boot-starter-thymeleaf\3.2.2\spring-boot-starter-thymeleaf-3.2.2.jar;C:\Users\Alex\.m2\repository\org\thymeleaf\thymeleaf-spring6\3.1.2.RELEASE\thymeleaf-spring6-3.1.2.RELEASE.jar;C:\Users\Alex\.m2\repository\org\thymeleaf\thymeleaf\3.1.2.RELEASE\thymeleaf-3.1.2.RELEASE.jar;C:\Users\Alex\.m2\repository\org\attoparser\attoparser\2.0.7.RELEASE\attoparser-2.0.7.RELEASE.jar;C:\Users\Alex\.m2\repository\org\unbescape\unbescape\1.1.6.RELEASE\unbescape-1.1.6.RELEASE.jar;C:\Users\Alex\.m2\repository\org\springframework\boot\spring-boot-starter-web\3.2.2\spring-boot-starter-web-3.2.2.jar;C:\Users\Alex\.m2\repository\org\springframework\boot\spring-boot-starter-json\3.2.2\spring-boot-starter-json-3.2.2.jar;C:\Users\Alex\.m2\repository\com\fasterxml\jackson\datatype\jackson-datatype-jdk8\2.15.3\jackson-datatype-jdk8-2.15.3.jar;C:\Users\Alex\.m2\repository\com\fasterxml\jackson\module\jackson-module-parameter-names\2.15.3\jackson-module-parameter-names-2.15.3.jar;C:\Users\Alex\.m2\repository\org\springframework\boot\spring-boot-starter-tomcat\3.2.2\spring-boot-starter-tomcat-3.2.2.jar;C:\Users\Alex\.m2\repository\org\apache\tomcat\embed\tomcat-embed-core\10.1.18\tomcat-embed-core-10.1.18.jar;C:\Users\Alex\.m2\repository\org\apache\tomcat\embed\tomcat-embed-websocket\10.1.18\tomcat-embed-websocket-10.1.18.jar;C:\Users\Alex\.m2\repository\org\springframework\spring-web\6.1.3\spring-web-6.1.3.jar;C:\Users\Alex\.m2\repository\org\springframework\spring-webmvc\6.1.3\spring-webmvc-6.1.3.jar;C:\Users\Alex\.m2\repository\org\springframework\boot\spring-boot-starter-websocket\3.2.2\spring-boot-starter-websocket-3.2.2.jar;C:\Users\Alex\.m2\repository\org\springframework\spring-messaging\6.1.3\spring-messaging-6.1.3.jar;C:\Users\Alex\.m2\repository\org\springframework\spring-websocket\6.1.3\spring-websocket-6.1.3.jar;C:\Users\Alex\.m2\repository\com\h2database\h2\2.2.224\h2-2.2.224.jar;C:\Users\Alex\.m2\repository\com\microsoft\sqlserver\mssql-jdbc\12.4.2.jre11\mssql-jdbc-12.4.2.jre11.jar;C:\Users\Alex\.m2\repository\com\mysql\mysql-connector-j\8.3.0\mysql-connector-j-8.3.0.jar;C:\Users\Alex\.m2\repository\org\projectlombok\lombok\1.18.30\lombok-1.18.30.jar;C:\Users\Alex\.m2\repository\jakarta\xml\bind\jakarta.xml.bind-api\4.0.1\jakarta.xml.bind-api-4.0.1.jar;C:\Users\Alex\.m2\repository\jakarta\activation\jakarta.activation-api\2.1.2\jakarta.activation-api-2.1.2.jar;C:\Users\Alex\.m2\repository\org\springframework\spring-core\6.1.3\spring-core-6.1.3.jar;C:\Users\Alex\.m2\repository\org\springframework\spring-jcl\6.1.3\spring-jcl-6.1.3.jar;C:\Users\Alex\.m2\repository\org\asteriskjava\asterisk-java\3.39.0\asterisk-java-3.39.0.jar;C:\Users\Alex\.m2\repository\com\google\guava\guava\31.1-jre\guava-31.1-jre.jar;C:\Users\Alex\.m2\repository\com\google\guava\failureaccess\1.0.1\failureaccess-1.0.1.jar;C:\Users\Alex\.m2\repository\com\google\guava\listenablefuture\9999.0-empty-to-avoid-conflict-with-guava\listenablefuture-9999.0-empty-to-avoid-conflict-with-guava.jar;C:\Users\Alex\.m2\repository\com\google\code\findbugs\jsr305\3.0.2\jsr305-3.0.2.jar;C:\Users\Alex\.m2\repository\org\checkerframework\checker-qual\3.12.0\checker-qual-3.12.0.jar;C:\Users\Alex\.m2\repository\com\google\errorprone\error_prone_annotations\2.11.0\error_prone_annotations-2.11.0.jar;C:\Users\Alex\.m2\repository\com\google\j2objc\j2objc-annotations\1.3\j2objc-annotations-1.3.jar;C:\Users\Alex\.m2\repository\org\slf4j\slf4j-api\2.0.11\slf4j-api-2.0.11.jar;C:\Users\Alex\.m2\repository\org\reflections\reflections\0.10.2\reflections-0.10.2.jar;C:\Users\Alex\.m2\repository\org\javassist\javassist\3.28.0-GA\javassist-3.28.0-GA.jar;C:\Users\Alex\.m2\repository\com\fazecast\jSerialComm\2.6.0\jSerialComm-2.6.0.jar;C:\Users\Alex\.m2\repository\org\springframework\boot\spring-boot-starter-validation\3.2.2\spring-boot-starter-validation-3.2.2.jar;C:\Users\Alex\.m2\repository\org\apache\tomcat\embed\tomcat-embed-el\10.1.18\tomcat-embed-el-10.1.18.jar;C:\Users\Alex\.m2\repository\org\hibernate\validator\hibernate-validator\8.0.1.Final\hibernate-validator-8.0.1.Final.jar;C:\Users\Alex\.m2\repository\jakarta\validation\jakarta.validation-api\3.0.2\jakarta.validation-api-3.0.2.jar;C:\Users\Alex\.m2\repository\io\netty\netty-all\4.1.39.Final\netty-all-4.1.39.Final.jar
Launcher Type: SUN_STANDARD

[Global flags]
     intx CICompilerCount                          = 4                                         {product} {ergonomic}
     uint ConcGCThreads                            = 2                                         {product} {ergonomic}
     uint G1ConcRefinementThreads                  = 8                                         {product} {ergonomic}
   size_t G1HeapRegionSize                         = 2097152                                   {product} {ergonomic}
    uintx GCDrainStackTargetSize                   = 64                                        {product} {ergonomic}
   size_t InitialHeapSize                          = 264241152                                 {product} {ergonomic}
     bool ManagementServer                         = true                                      {product} {command line}
   size_t MarkStackSize                            = 4194304                                   {product} {ergonomic}
   size_t MaxHeapSize                              = 4202692608                                {product} {ergonomic}
   size_t MaxNewSize                               = 2520776704                                {product} {ergonomic}
   size_t MinHeapDeltaBytes                        = 2097152                                   {product} {ergonomic}
   size_t MinHeapSize                              = 8388608                                   {product} {ergonomic}
    uintx NonNMethodCodeHeapSize                   = 5839372                                {pd product} {ergonomic}
    uintx NonProfiledCodeHeapSize                  = 122909434                              {pd product} {ergonomic}
    uintx ProfiledCodeHeapSize                     = 122909434                              {pd product} {ergonomic}
    uintx ReservedCodeCacheSize                    = 251658240                              {pd product} {ergonomic}
     bool SegmentedCodeCache                       = true                                      {product} {ergonomic}
     bool ShowCodeDetailsInExceptionMessages       = true                                   {manageable} {command line}
   size_t SoftMaxHeapSize                          = 4202692608                             {manageable} {ergonomic}
     bool UseCompressedOops                        = true                           {product lp64_product} {ergonomic}
     bool UseG1GC                                  = true                                      {product} {ergonomic}
     bool UseLargePagesIndividualAllocation        = false                                  {pd product} {ergonomic}

Logging:
Log output configuration:
 #0: stdout all=warning uptime,level,tags foldmultilines=false
 #1: stderr all=off uptime,level,tags foldmultilines=false

Environment Variables:
JAVA_HOME=C:\Users\Alex\AppData\Roaming\Code\User\globalStorage\pleiades.java-extension-pack-jdk\java\21
PATH=C:\Users\Alex\AppData\Roaming\Code\User\globalStorage\pleiades.java-extension-pack-jdk\gradle\latest\bin;C:\Users\Alex\AppData\Roaming\Code\User\globalStorage\pleiades.java-extension-pack-jdk\maven\latest\bin;C:\Users\Alex\AppData\Roaming\Code\User\globalStorage\pleiades.java-extension-pack-jdk\java\21\bin;C:\Program Files\Common Files\Oracle\Java\javapath;C:\Program Files\Microsoft MPI\Bin\;C:\WINDOWS\system32;C:\WINDOWS;C:\WINDOWS\System32\Wbem;C:\WINDOWS\System32\WindowsPowerShell\v1.0\;C:\WINDOWS\System32\OpenSSH\;C:\Program Files\PuTTY\;C:\Program Files\Microsoft SQL Server\150\Tools\Binn\;C:\Program Files (x86)\Windows Kits\10\Windows Performance Toolkit\;C:\Program Files\Java\jdk-21\bin;C:\Program Files\nodejs\;C:\Users\Alex\AppData\Local\Microsoft\WindowsApps;C:\Users\Alex\AppData\Local\Programs\Microsoft VS Code\bin;C:\Users\Alex\AppData\Roaming\npm
USERNAME=Alex
LANG=en_US.UTF-8
OS=Windows_NT
PROCESSOR_IDENTIFIER=Intel64 Family 6 Model 140 Stepping 1, GenuineIntel
TMP=C:\Users\Alex\AppData\Local\Temp
TEMP=C:\Users\Alex\AppData\Local\Temp




Periodic native trim disabled

---------------  S Y S T E M  ---------------

OS:
 Windows 10 , 64 bit Build 19041 (10.0.19041.5198)
OS uptime: 0 days 0:04 hours

CPU: total 8 (initial active 8) (4 cores per cpu, 2 threads per core) family 6 model 140 stepping 1 microcode 0x8a, cx8, cmov, fxsr, ht, mmx, 3dnowpref, sse, sse2, sse3, ssse3, sse4.1, sse4.2, popcnt, lzcnt, tsc, tscinvbit, avx, avx2, aes, erms, clmul, bmi1, bmi2, adx, avx512f, avx512dq, avx512cd, avx512bw, avx512vl, sha, fma, vzeroupper, avx512_vpopcntdq, avx512_vpclmulqdq, avx512_vaes, avx512_vnni, clflush, clflushopt, clwb, avx512_vbmi2, avx512_vbmi, rdtscp, rdpid, fsrm, gfni, avx512_bitalg, f16c, pku, cet_ibt, cet_ss, avx512_ifma
Processor Information for all 8 processors :
  Max Mhz: 2803, Current Mhz: 2803, Mhz Limit: 2803

Memory: 4k page, system-wide physical 16026M (1306M free)
TotalPageFile size 45746M (AvailPageFile size 4M)
current process WorkingSet (physical memory assigned to process): 364M, peak: 381M
current process commit charge ("private bytes"): 399M, peak: 418M

vm_info: Java HotSpot(TM) 64-Bit Server VM (21.0.5+9-LTS-239) for windows-amd64 JRE (21.0.5+9-LTS-239), built on 2024-09-30T05:17:38Z by "mach5one" with MS VC++ 17.6 (VS2022)

END.
